<?xml version="1.0" encoding="UTF-8"?>
<!-- Generated by org.testng.reporters.JUnitReportReporter -->
<testsuite hostname="Zeynabs-MacBook-Pro.local" failures="0" tests="2" name="newPackage.AssertMethod" time="2.571" errors="0" timestamp="2022-04-01T07:03:20 EDT" skipped="0">
  <testcase classname="newPackage.AssertMethod" name="testLogo" time="1.519"/>
  <system-out/>
  <testcase classname="newPackage.AssertMethod" name="testTitle" time="1.052"/>
  <system-out/>
</testsuite> <!-- newPackage.AssertMethod -->
