<?xml version="1.0" encoding="UTF-8"?>
<!-- Generated by org.testng.reporters.JUnitReportReporter -->
<testsuite hostname="Zeynabs-MacBook-Pro.local" failures="0" tests="1" name="sample01.ExplicitWait" time="10.562" errors="0" timestamp="2022-03-31T13:16:55 EDT" skipped="0">
  <testcase classname="sample01.ExplicitWait" name="f" time="10.562"/>
  <system-out/>
</testsuite> <!-- sample01.ExplicitWait -->
