<?xml version="1.0" encoding="UTF-8"?>
<!-- Generated by org.testng.reporters.JUnitReportReporter -->
<testsuite hostname="Zeynabs-MacBook-Pro.local" failures="0" tests="1" name="sample01.jsExecuter" time="11.039" errors="0" timestamp="2022-03-12T19:14:16 IRST" skipped="0">
  <testcase classname="sample01.jsExecuter" name="f" time="11.039"/>
  <system-out/>
</testsuite> <!-- sample01.jsExecuter -->
