<?xml version="1.0" encoding="UTF-8"?>
<!-- Generated by org.testng.reporters.JUnitReportReporter -->
<testsuite hostname="Zeynabs-MacBook-Pro.local" failures="0" tests="1" name="sample01.iframeWindow" time="5.557" errors="0" timestamp="2022-03-10T15:49:22 IRST" skipped="0">
  <testcase classname="sample01.iframeWindow" name="f" time="5.557"/>
  <system-out/>
</testsuite> <!-- sample01.iframeWindow -->
