<?xml version="1.0" encoding="UTF-8"?>
<!-- Generated by org.testng.reporters.JUnitReportReporter -->
<testsuite hostname="Zeynabs-MacBook-Pro.local" failures="0" tests="1" name="sample01.TakeScreenShot" time="11.076" errors="0" timestamp="2022-03-13T11:55:55 IRST" skipped="0">
  <testcase classname="sample01.TakeScreenShot" name="f" time="11.076"/>
  <system-out/>
</testsuite> <!-- sample01.TakeScreenShot -->
