<?xml version="1.0" encoding="UTF-8"?>
<!-- Generated by org.testng.reporters.JUnitReportReporter -->
<testsuite hostname="Zeynabs-MacBook-Pro.local" failures="0" tests="1" name="sample01.timeout" time="7.559" errors="0" timestamp="2022-03-11T19:30:53 IRST" skipped="0">
  <testcase classname="sample01.timeout" name="f" time="7.559"/>
  <system-out/>
</testsuite> <!-- sample01.timeout -->
