<?xml version="1.0" encoding="UTF-8"?>
<!-- Generated by org.testng.reporters.JUnitReportReporter -->
<testsuite skipped="0" hostname="Zeynabs-MacBook-Pro.local" name="sample01.SeleniumDrioDown" tests="1" failures="0" timestamp="2022-04-05T16:52:35 EDT" time="7.251" errors="0">
  <testcase name="f" time="7.251" classname="sample01.SeleniumDrioDown"/>
  <system-out/>
</testsuite> <!-- sample01.SeleniumDrioDown -->
