<?xml version="1.0" encoding="UTF-8"?>
<!-- Generated by org.testng.reporters.JUnitReportReporter -->
<testsuite hostname="Zeynabs-MacBook-Pro.local" failures="0" tests="1" name="sample01.dropDown" time="9.161" errors="0" timestamp="2022-03-16T20:20:27 IRST" skipped="0">
  <testcase classname="sample01.dropDown" name="f" time="9.161"/>
  <system-out/>
</testsuite> <!-- sample01.dropDown -->
