<?xml version="1.0" encoding="UTF-8"?>
<!-- Generated by org.testng.reporters.JUnitReportReporter -->
<testsuite hostname="Zeynabs-MacBook-Pro.local" failures="0" tests="1" name="sample01.dragAndDrop" time="4.494" errors="0" timestamp="2022-03-12T20:57:13 IRST" skipped="0">
  <testcase classname="sample01.dragAndDrop" name="f" time="4.494"/>
  <system-out/>
</testsuite> <!-- sample01.dragAndDrop -->
