<?xml version="1.0" encoding="UTF-8"?>
<!-- Generated by org.testng.reporters.JUnitReportReporter -->
<testsuite hostname="Zeynabs-MacBook-Pro.local" failures="0" tests="1" name="sample01.NewTest" time="7.371" errors="0" timestamp="2022-04-04T13:22:42 EDT" skipped="0">
  <testcase classname="sample01.NewTest" name="f" time="7.371"/>
  <system-out/>
</testsuite> <!-- sample01.NewTest -->
