<?xml version="1.0" encoding="UTF-8"?>
<!-- Generated by org.testng.reporters.JUnitReportReporter -->
<testsuite hostname="Zeynabs-MacBook-Pro.local" failures="0" tests="1" name="newPackage.testNGclass" time="6.627" errors="0" timestamp="2022-04-04T13:10:38 EDT" skipped="0">
  <testcase classname="newPackage.testNGclass" name="test1" time="6.627"/>
  <system-out/>
</testsuite> <!-- newPackage.testNGclass -->
