<?xml version="1.0" encoding="UTF-8"?>
<!-- Generated by org.testng.reporters.JUnitReportReporter -->
<testsuite hostname="Zeynabs-MacBook-Pro.local" failures="0" tests="1" name="sample01.mousehoverovr" time="7.325" errors="0" timestamp="2022-03-10T16:13:20 IRST" skipped="0">
  <testcase classname="sample01.mousehoverovr" name="f" time="7.325"/>
  <system-out/>
</testsuite> <!-- sample01.mousehoverovr -->
