<?xml version="1.0" encoding="UTF-8"?>
<!-- Generated by org.testng.reporters.JUnitReportReporter -->
<testsuite hostname="Zeynabs-MacBook-Pro.local" failures="0" tests="1" name="sample01.iframeModifire" time="87.131" errors="0" timestamp="2022-03-10T12:53:08 IRST" skipped="0">
  <testcase classname="sample01.iframeModifire" name="f" time="87.131"/>
  <system-out/>
</testsuite> <!-- sample01.iframeModifire -->
