<?xml version="1.0" encoding="UTF-8"?>
<!-- Generated by org.testng.reporters.JUnitReportReporter -->
<testsuite hostname="Zeynabs-MacBook-Pro.local" failures="0" tests="10" name="newPackage.TestNG" time="17.147" errors="0" timestamp="2022-03-31T19:58:45 EDT" skipped="0">
  <testcase classname="newPackage.TestNG" name="test3" time="1.477"/>
  <system-out/>
  <testcase classname="newPackage.TestNG" name="test3" time="1.606"/>
  <system-out/>
  <testcase classname="newPackage.TestNG" name="test3" time="1.962"/>
  <system-out/>
  <testcase classname="newPackage.TestNG" name="test3" time="2.223"/>
  <system-out/>
  <testcase classname="newPackage.TestNG" name="test3" time="1.404"/>
  <system-out/>
  <testcase classname="newPackage.TestNG" name="test3" time="1.476"/>
  <system-out/>
  <testcase classname="newPackage.TestNG" name="test3" time="1.844"/>
  <system-out/>
  <testcase classname="newPackage.TestNG" name="test3" time="1.919"/>
  <system-out/>
  <testcase classname="newPackage.TestNG" name="test3" time="1.515"/>
  <system-out/>
  <testcase classname="newPackage.TestNG" name="test3" time="1.721"/>
  <system-out/>
</testsuite> <!-- newPackage.TestNG -->
