<?xml version="1.0" encoding="UTF-8"?>
<!-- Generated by org.testng.reporters.JUnitReportReporter -->
<testsuite hostname="Zeynabs-MacBook-Pro.local" failures="0" tests="1" name="sample01.Tables" time="8.913" errors="0" timestamp="2022-03-12T10:58:05 IRST" skipped="0">
  <testcase classname="sample01.Tables" name="f" time="8.913"/>
  <system-out/>
</testsuite> <!-- sample01.Tables -->
