<?xml version="1.0" encoding="UTF-8"?>
<!-- Generated by org.testng.reporters.JUnitReportReporter -->
<testsuite skipped="0" hostname="Zeynabs-MacBook-Pro.local" name="sample01.CrazyDropDown" tests="1" failures="0" timestamp="2022-04-06T10:50:26 EDT" time="8.960" errors="0">
  <testcase name="f" time="8.960" classname="sample01.CrazyDropDown"/>
  <system-out/>
</testsuite> <!-- sample01.CrazyDropDown -->
